2023-08-15 09:35:56,287  INFO [main] cn.ichiva.luckysheet.Application Starting Application on LAPTOP-OI1F3CR6 with PID 26228 (C:\Users\HuuTuGe\Desktop\luckysheet-saved-mixed\luckysheet-saved\target\classes started by HuuTuGe in C:\Users\HuuTuGe\Desktop\luckysheet-saved-mixed\luckysheet-saved)
2023-08-15 09:35:56,296  INFO [main] cn.ichiva.luckysheet.Application No active profile set, falling back to default profiles: default
2023-08-15 09:35:56,965  INFO [main] o.s.b.w.e.tomcat.TomcatWebServer Tomcat initialized with port(s): 11551 (http)
2023-08-15 09:35:56,972  INFO [main] o.a.coyote.http11.Http11NioProtocol Initializing ProtocolHandler ["http-nio-11551"]
2023-08-15 09:35:56,972  INFO [main] o.a.catalina.core.StandardService Starting service [Tomcat]
2023-08-15 09:35:56,972  INFO [main] o.a.catalina.core.StandardEngine Starting Servlet engine: [Apache Tomcat/9.0.30]
2023-08-15 09:35:57,036  INFO [main] o.a.c.c.C.[Tomcat].[localhost].[/] Initializing Spring embedded WebApplicationContext
2023-08-15 09:35:57,036  INFO [main] o.s.web.context.ContextLoader Root WebApplicationContext: initialization completed in 704 ms
2023-08-15 09:35:57,166  INFO [main] o.s.s.c.ThreadPoolTaskExecutor Initializing ExecutorService 'applicationTaskExecutor'
2023-08-15 09:35:57,214  INFO [main] o.s.b.a.w.s.WelcomePageHandlerMapping Adding welcome page: class path resource [static/index.html]
2023-08-15 09:35:57,270  INFO [main] o.a.coyote.http11.Http11NioProtocol Starting ProtocolHandler ["http-nio-11551"]
2023-08-15 09:35:57,304  INFO [main] o.s.b.w.e.tomcat.TomcatWebServer Tomcat started on port(s): 11551 (http) with context path ''
2023-08-15 09:35:57,306  INFO [main] cn.ichiva.luckysheet.Application Started Application in 1.366 seconds (JVM running for 1.888)
2023-08-15 09:36:19,709  INFO [SpringContextShutdownHook] o.s.s.c.ThreadPoolTaskExecutor Shutting down ExecutorService 'applicationTaskExecutor'
2023-08-15 09:36:21,568  INFO [main] cn.ichiva.luckysheet.Application Starting Application on LAPTOP-OI1F3CR6 with PID 21728 (C:\Users\HuuTuGe\Desktop\luckysheet-saved-mixed\luckysheet-saved\target\classes started by HuuTuGe in C:\Users\HuuTuGe\Desktop\luckysheet-saved-mixed\luckysheet-saved)
2023-08-15 09:36:21,570  INFO [main] cn.ichiva.luckysheet.Application No active profile set, falling back to default profiles: default
2023-08-15 09:36:22,189  INFO [main] o.s.b.w.e.tomcat.TomcatWebServer Tomcat initialized with port(s): 11551 (http)
2023-08-15 09:36:22,195  INFO [main] o.a.coyote.http11.Http11NioProtocol Initializing ProtocolHandler ["http-nio-11551"]
2023-08-15 09:36:22,196  INFO [main] o.a.catalina.core.StandardService Starting service [Tomcat]
2023-08-15 09:36:22,196  INFO [main] o.a.catalina.core.StandardEngine Starting Servlet engine: [Apache Tomcat/9.0.30]
2023-08-15 09:36:22,254  INFO [main] o.a.c.c.C.[Tomcat].[localhost].[/] Initializing Spring embedded WebApplicationContext
2023-08-15 09:36:22,254  INFO [main] o.s.web.context.ContextLoader Root WebApplicationContext: initialization completed in 648 ms
2023-08-15 09:36:22,364  INFO [main] o.s.s.c.ThreadPoolTaskExecutor Initializing ExecutorService 'applicationTaskExecutor'
2023-08-15 09:36:22,404  INFO [main] o.s.b.a.w.s.WelcomePageHandlerMapping Adding welcome page: class path resource [static/index.html]
2023-08-15 09:36:22,455  INFO [main] o.a.coyote.http11.Http11NioProtocol Starting ProtocolHandler ["http-nio-11551"]
2023-08-15 09:36:22,490  INFO [main] o.s.b.w.e.tomcat.TomcatWebServer Tomcat started on port(s): 11551 (http) with context path ''
2023-08-15 09:36:22,492  INFO [main] cn.ichiva.luckysheet.Application Started Application in 1.187 seconds (JVM running for 1.544)
2023-08-15 09:37:09,976  INFO [http-nio-11551-exec-1] o.a.c.c.C.[Tomcat].[localhost].[/] Initializing Spring DispatcherServlet 'dispatcherServlet'
2023-08-15 09:37:09,976  INFO [http-nio-11551-exec-1] o.s.web.servlet.DispatcherServlet Initializing Servlet 'dispatcherServlet'
2023-08-15 09:37:09,979  INFO [http-nio-11551-exec-1] o.s.web.servlet.DispatcherServlet Completed initialization in 3 ms
2023-08-15 09:37:11,563  INFO [http-nio-11551-exec-8] c.i.l.LuckySheetWebSocketServer 32 加入,在线人数 = 1
2023-08-15 09:37:11,628  INFO [http-nio-11551-exec-3] c.i.l.LuckySheetWebSocketServer 32 加入,在线人数 = 2
2023-08-15 09:37:17,493  INFO [http-nio-11551-exec-2] c.i.l.LuckySheetWebSocketServer 23 加入,在线人数 = 3
2023-08-15 09:37:17,575  INFO [http-nio-11551-exec-6] c.i.l.LuckySheetWebSocketServer 23 加入,在线人数 = 4
2023-08-15 09:37:37,608  INFO [http-nio-11551-exec-5] c.i.l.LuckySheetWebSocketServer 32 离开
2023-08-15 09:37:37,608  INFO [http-nio-11551-exec-2] c.i.l.LuckySheetWebSocketServer 32 离开
2023-08-15 09:37:38,931  INFO [http-nio-11551-exec-10] c.i.l.LuckySheetWebSocketServer 23 离开
2023-08-15 09:37:38,931  INFO [http-nio-11551-exec-6] c.i.l.LuckySheetWebSocketServer 23 离开
2023-08-15 09:37:50,254  INFO [SpringContextShutdownHook] o.s.s.c.ThreadPoolTaskExecutor Shutting down ExecutorService 'applicationTaskExecutor'
2023-08-15 09:50:38,197  INFO [main] cn.ichiva.luckysheet.Application Starting Application on LAPTOP-OI1F3CR6 with PID 29084 (started by HuuTuGe in C:\Users\HuuTuGe\Desktop\luckysheet保存数据在线共享编辑\luckysheet-saved)
2023-08-15 09:50:38,199  INFO [main] cn.ichiva.luckysheet.Application No active profile set, falling back to default profiles: default
2023-08-15 09:50:38,876  INFO [main] o.s.b.w.e.tomcat.TomcatWebServer Tomcat initialized with port(s): 11551 (http)
2023-08-15 09:50:38,882  INFO [main] o.a.coyote.http11.Http11NioProtocol Initializing ProtocolHandler ["http-nio-11551"]
2023-08-15 09:50:38,883  INFO [main] o.a.catalina.core.StandardService Starting service [Tomcat]
2023-08-15 09:50:38,883  INFO [main] o.a.catalina.core.StandardEngine Starting Servlet engine: [Apache Tomcat/9.0.30]
2023-08-15 09:50:38,946  INFO [main] o.a.c.c.C.[Tomcat].[localhost].[/] Initializing Spring embedded WebApplicationContext
2023-08-15 09:50:38,946  INFO [main] o.s.web.context.ContextLoader Root WebApplicationContext: initialization completed in 709 ms
2023-08-15 09:50:39,067  INFO [main] o.s.s.c.ThreadPoolTaskExecutor Initializing ExecutorService 'applicationTaskExecutor'
2023-08-15 09:50:39,110  INFO [main] o.s.b.a.w.s.WelcomePageHandlerMapping Adding welcome page: class path resource [static/index.html]
2023-08-15 09:50:39,162  INFO [main] o.a.coyote.http11.Http11NioProtocol Starting ProtocolHandler ["http-nio-11551"]
2023-08-15 09:50:39,199  INFO [main] o.s.b.w.e.tomcat.TomcatWebServer Tomcat started on port(s): 11551 (http) with context path ''
2023-08-15 09:50:39,200  INFO [main] cn.ichiva.luckysheet.Application Started Application in 1.278 seconds (JVM running for 1.676)
2023-08-15 09:50:59,210  INFO [http-nio-11551-exec-1] o.a.c.c.C.[Tomcat].[localhost].[/] Initializing Spring DispatcherServlet 'dispatcherServlet'
2023-08-15 09:50:59,211  INFO [http-nio-11551-exec-1] o.s.web.servlet.DispatcherServlet Initializing Servlet 'dispatcherServlet'
2023-08-15 09:50:59,214  INFO [http-nio-11551-exec-1] o.s.web.servlet.DispatcherServlet Completed initialization in 3 ms
2023-08-15 09:50:59,245  INFO [http-nio-11551-exec-5] c.i.l.LuckySheetWebSocketServer l 加入,在线人数 = 1
2023-08-15 09:50:59,309  INFO [http-nio-11551-exec-3] c.i.l.LuckySheetWebSocketServer l 加入,在线人数 = 2
2023-08-15 09:51:05,889  INFO [http-nio-11551-exec-4] c.i.l.LuckySheetWebSocketServer 56 加入,在线人数 = 3
2023-08-15 09:51:05,966  INFO [http-nio-11551-exec-2] c.i.l.LuckySheetWebSocketServer 56 加入,在线人数 = 4
2023-08-15 09:51:14,652  INFO [http-nio-11551-exec-3] c.i.l.LuckySheetWebSocketServer l 离开
2023-08-15 09:51:14,652  INFO [http-nio-11551-exec-4] c.i.l.LuckySheetWebSocketServer l 离开
2023-08-15 09:51:15,351  INFO [http-nio-11551-exec-2] c.i.l.LuckySheetWebSocketServer 56 离开
2023-08-15 09:51:15,351  INFO [http-nio-11551-exec-7] c.i.l.LuckySheetWebSocketServer 56 离开
2023-08-15 10:02:19,212  INFO [SpringContextShutdownHook] o.s.s.c.ThreadPoolTaskExecutor Shutting down ExecutorService 'applicationTaskExecutor'
