2023-08-08 14:36:41,106  INFO [main] cn.ichiva.luckysheet.Application Starting Application on LAPTOP-OI1F3CR6 with PID 1244 (C:\Users\HuuTuGe\Desktop\luckysheet-saved-in-recovery-master\luckysheet-saved-in-recovery-master\target\classes started by HuuTuGe in C:\Users\HuuTuGe\Desktop\luckysheet-saved-in-recovery-master\luckysheet-saved-in-recovery-master)
2023-08-08 14:36:41,107  INFO [main] cn.ichiva.luckysheet.Application No active profile set, falling back to default profiles: default
2023-08-08 14:36:41,745  INFO [main] o.s.b.w.e.tomcat.TomcatWebServer Tomcat initialized with port(s): 11551 (http)
2023-08-08 14:36:41,752  INFO [main] o.a.coyote.http11.Http11NioProtocol Initializing ProtocolHandler ["http-nio-11551"]
2023-08-08 14:36:41,752  INFO [main] o.a.catalina.core.StandardService Starting service [Tomcat]
2023-08-08 14:36:41,752  INFO [main] o.a.catalina.core.StandardEngine Starting Servlet engine: [Apache Tomcat/9.0.30]
2023-08-08 14:36:41,828  INFO [main] o.a.c.c.C.[Tomcat].[localhost].[/] Initializing Spring embedded WebApplicationContext
2023-08-08 14:36:41,828  INFO [main] o.s.web.context.ContextLoader Root WebApplicationContext: initialization completed in 693 ms
2023-08-08 14:36:41,958  INFO [main] o.s.s.c.ThreadPoolTaskExecutor Initializing ExecutorService 'applicationTaskExecutor'
2023-08-08 14:36:42,007  INFO [main] o.s.b.a.w.s.WelcomePageHandlerMapping Adding welcome page: class path resource [static/index.html]
2023-08-08 14:36:42,060  INFO [main] o.a.coyote.http11.Http11NioProtocol Starting ProtocolHandler ["http-nio-11551"]
2023-08-08 14:36:42,088  INFO [main] o.s.b.w.e.tomcat.TomcatWebServer Tomcat started on port(s): 11551 (http) with context path ''
2023-08-08 14:36:42,089  INFO [main] cn.ichiva.luckysheet.Application Started Application in 1.235 seconds (JVM running for 1.66)
2023-08-08 14:42:41,269  INFO [http-nio-11551-exec-1] o.a.c.c.C.[Tomcat].[localhost].[/] Initializing Spring DispatcherServlet 'dispatcherServlet'
2023-08-08 14:42:41,269  INFO [http-nio-11551-exec-1] o.s.web.servlet.DispatcherServlet Initializing Servlet 'dispatcherServlet'
2023-08-08 14:42:41,275  INFO [http-nio-11551-exec-1] o.s.web.servlet.DispatcherServlet Completed initialization in 6 ms
2023-08-08 14:42:45,405  INFO [http-nio-11551-exec-1] c.i.l.LuckySheetWebSocketServer user1 加入,在线人数 = 1
2023-08-08 14:43:02,348  INFO [http-nio-11551-exec-10] c.i.l.LuckySheetWebSocketServer user2 加入,在线人数 = 2
2023-08-08 14:43:10,345  INFO [http-nio-11551-exec-6] c.i.l.LuckySheetWebSocketServer user2 离开
2023-08-08 14:43:24,447  INFO [http-nio-11551-exec-6] c.i.l.LuckySheetWebSocketServer user2 加入,在线人数 = 2
2023-08-08 14:45:25,680  INFO [SpringContextShutdownHook] o.s.s.c.ThreadPoolTaskExecutor Shutting down ExecutorService 'applicationTaskExecutor'
2023-08-08 14:45:25,695  INFO [SpringContextShutdownHook] c.i.l.LuckySheetWebSocketServer user1 离开
2023-08-08 14:45:25,695  INFO [SpringContextShutdownHook] c.i.l.LuckySheetWebSocketServer user2 离开
2023-08-08 14:45:28,347  INFO [main] cn.ichiva.luckysheet.Application Starting Application on LAPTOP-OI1F3CR6 with PID 25648 (C:\Users\HuuTuGe\Desktop\luckysheet-saved-in-recovery-master\luckysheet-saved-in-recovery-master\target\classes started by HuuTuGe in C:\Users\HuuTuGe\Desktop\luckysheet-saved-in-recovery-master\luckysheet-saved-in-recovery-master)
2023-08-08 14:45:28,348  INFO [main] cn.ichiva.luckysheet.Application No active profile set, falling back to default profiles: default
2023-08-08 14:45:28,942  INFO [main] o.s.b.w.e.tomcat.TomcatWebServer Tomcat initialized with port(s): 11551 (http)
2023-08-08 14:45:28,949  INFO [main] o.a.coyote.http11.Http11NioProtocol Initializing ProtocolHandler ["http-nio-11551"]
2023-08-08 14:45:28,949  INFO [main] o.a.catalina.core.StandardService Starting service [Tomcat]
2023-08-08 14:45:28,949  INFO [main] o.a.catalina.core.StandardEngine Starting Servlet engine: [Apache Tomcat/9.0.30]
2023-08-08 14:45:29,023  INFO [main] o.a.c.c.C.[Tomcat].[localhost].[/] Initializing Spring embedded WebApplicationContext
2023-08-08 14:45:29,023  INFO [main] o.s.web.context.ContextLoader Root WebApplicationContext: initialization completed in 645 ms
2023-08-08 14:45:29,141  INFO [main] o.s.s.c.ThreadPoolTaskExecutor Initializing ExecutorService 'applicationTaskExecutor'
2023-08-08 14:45:29,181  INFO [main] o.s.b.a.w.s.WelcomePageHandlerMapping Adding welcome page: class path resource [static/index.html]
2023-08-08 14:45:29,236  INFO [main] o.a.coyote.http11.Http11NioProtocol Starting ProtocolHandler ["http-nio-11551"]
2023-08-08 14:45:29,273  INFO [main] o.s.b.w.e.tomcat.TomcatWebServer Tomcat started on port(s): 11551 (http) with context path ''
2023-08-08 14:45:29,275  INFO [main] cn.ichiva.luckysheet.Application Started Application in 1.193 seconds (JVM running for 1.556)
2023-08-08 14:45:34,115  INFO [http-nio-11551-exec-1] o.a.c.c.C.[Tomcat].[localhost].[/] Initializing Spring DispatcherServlet 'dispatcherServlet'
2023-08-08 14:45:34,116  INFO [http-nio-11551-exec-1] o.s.web.servlet.DispatcherServlet Initializing Servlet 'dispatcherServlet'
2023-08-08 14:45:34,119  INFO [http-nio-11551-exec-1] o.s.web.servlet.DispatcherServlet Completed initialization in 3 ms
2023-08-08 14:45:37,591  INFO [http-nio-11551-exec-2] c.i.l.LuckySheetWebSocketServer user 加入,在线人数 = 1
2023-08-08 14:45:48,618  INFO [http-nio-11551-exec-4] c.i.l.LuckySheetWebSocketServer user2 加入,在线人数 = 2
2023-08-08 14:46:31,715  INFO [http-nio-11551-exec-6] c.i.l.LuckySheetWebSocketServer user 离开
2023-08-08 14:46:34,265  INFO [http-nio-11551-exec-9] c.i.l.LuckySheetWebSocketServer user 加入,在线人数 = 2
2023-08-08 14:46:41,859  INFO [http-nio-11551-exec-7] c.i.l.LuckySheetWebSocketServer user2 离开
2023-08-08 14:46:43,236  INFO [http-nio-11551-exec-10] c.i.l.LuckySheetWebSocketServer sdajd askj  加入,在线人数 = 2
2023-08-08 14:46:58,497  INFO [http-nio-11551-exec-1] c.i.l.LuckySheetWebSocketServer user 离开
2023-08-08 14:47:00,944  INFO [http-nio-11551-exec-2] c.i.l.LuckySheetWebSocketServer daishudh das d 加入,在线人数 = 2
2023-08-08 14:48:44,581  INFO [SpringContextShutdownHook] o.s.s.c.ThreadPoolTaskExecutor Shutting down ExecutorService 'applicationTaskExecutor'
2023-08-08 14:48:44,599  INFO [SpringContextShutdownHook] c.i.l.LuckySheetWebSocketServer daishudh das d 离开
2023-08-08 14:48:44,600  INFO [SpringContextShutdownHook] c.i.l.LuckySheetWebSocketServer sdajd askj  离开
2023-08-08 14:56:39,574  INFO [main] cn.ichiva.luckysheet.Application Starting Application on LAPTOP-OI1F3CR6 with PID 2784 (C:\Users\HuuTuGe\Desktop\luckysheet-saved-mixed\luckysheet-saved-in-recovery-master\target\classes started by HuuTuGe in C:\Users\HuuTuGe\Desktop\luckysheet-saved-mixed\luckysheet-saved-in-recovery-master)
2023-08-08 14:56:39,578  INFO [main] cn.ichiva.luckysheet.Application No active profile set, falling back to default profiles: default
2023-08-08 14:56:40,208  INFO [main] o.s.b.w.e.tomcat.TomcatWebServer Tomcat initialized with port(s): 11551 (http)
2023-08-08 14:56:40,214  INFO [main] o.a.coyote.http11.Http11NioProtocol Initializing ProtocolHandler ["http-nio-11551"]
2023-08-08 14:56:40,214  INFO [main] o.a.catalina.core.StandardService Starting service [Tomcat]
2023-08-08 14:56:40,215  INFO [main] o.a.catalina.core.StandardEngine Starting Servlet engine: [Apache Tomcat/9.0.30]
2023-08-08 14:56:40,272  INFO [main] o.a.c.c.C.[Tomcat].[localhost].[/] Initializing Spring embedded WebApplicationContext
2023-08-08 14:56:40,272  INFO [main] o.s.web.context.ContextLoader Root WebApplicationContext: initialization completed in 659 ms
2023-08-08 14:56:40,389  INFO [main] o.s.s.c.ThreadPoolTaskExecutor Initializing ExecutorService 'applicationTaskExecutor'
2023-08-08 14:56:40,443  INFO [main] o.s.b.a.w.s.WelcomePageHandlerMapping Adding welcome page: class path resource [static/index.html]
2023-08-08 14:56:40,511  INFO [main] o.a.coyote.http11.Http11NioProtocol Starting ProtocolHandler ["http-nio-11551"]
2023-08-08 14:56:40,545  INFO [main] o.s.b.w.e.tomcat.TomcatWebServer Tomcat started on port(s): 11551 (http) with context path ''
2023-08-08 14:56:40,547  INFO [main] cn.ichiva.luckysheet.Application Started Application in 1.217 seconds (JVM running for 1.581)
2023-08-08 14:57:04,460  INFO [http-nio-11551-exec-1] o.a.c.c.C.[Tomcat].[localhost].[/] Initializing Spring DispatcherServlet 'dispatcherServlet'
2023-08-08 14:57:04,460  INFO [http-nio-11551-exec-1] o.s.web.servlet.DispatcherServlet Initializing Servlet 'dispatcherServlet'
2023-08-08 14:57:04,464  INFO [http-nio-11551-exec-1] o.s.web.servlet.DispatcherServlet Completed initialization in 4 ms
2023-08-08 14:57:04,604  INFO [http-nio-11551-exec-2] c.i.l.LuckySheetWebSocketServer usr1 加入,在线人数 = 1
2023-08-08 15:03:36,737  INFO [http-nio-11551-exec-7] c.i.l.LuckySheetWebSocketServer 一个人 加入,在线人数 = 2
2023-08-08 15:03:56,550  INFO [http-nio-11551-exec-4] c.i.l.LuckySheetWebSocketServer 一个人 离开
2023-08-08 15:20:15,354  INFO [SpringContextShutdownHook] o.s.s.c.ThreadPoolTaskExecutor Shutting down ExecutorService 'applicationTaskExecutor'
2023-08-08 15:20:15,363  INFO [SpringContextShutdownHook] c.i.l.LuckySheetWebSocketServer usr1 离开
