2023-08-28 09:03:43,251  INFO [main] cn.ichiva.luckysheet.Application Starting Application on LAPTOP-OI1F3CR6 with PID 30100 (started by HuuTuGe in C:\Users\HuuTuGe\Desktop\新建文件夹)
2023-08-28 09:03:43,257  INFO [main] cn.ichiva.luckysheet.Application No active profile set, falling back to default profiles: default
2023-08-28 09:03:44,173  INFO [main] o.s.b.w.e.tomcat.TomcatWebServer Tomcat initialized with port(s): 11551 (http)
2023-08-28 09:03:44,181  INFO [main] o.a.coyote.http11.Http11NioProtocol Initializing ProtocolHandler ["http-nio-11551"]
2023-08-28 09:03:44,182  INFO [main] o.a.catalina.core.StandardService Starting service [Tomcat]
2023-08-28 09:03:44,182  INFO [main] o.a.catalina.core.StandardEngine Starting Servlet engine: [Apache Tomcat/9.0.30]
2023-08-28 09:03:44,266  INFO [main] o.a.c.c.C.[Tomcat].[localhost].[/] Initializing Spring embedded WebApplicationContext
2023-08-28 09:03:44,266  INFO [main] o.s.web.context.ContextLoader Root WebApplicationContext: initialization completed in 967 ms
2023-08-28 09:03:44,439  INFO [main] o.s.s.c.ThreadPoolTaskExecutor Initializing ExecutorService 'applicationTaskExecutor'
2023-08-28 09:03:44,493  INFO [main] o.s.b.a.w.s.WelcomePageHandlerMapping Adding welcome page: class path resource [static/index.html]
2023-08-28 09:03:44,579  INFO [main] o.a.coyote.http11.Http11NioProtocol Starting ProtocolHandler ["http-nio-11551"]
2023-08-28 09:03:44,613  INFO [main] o.s.b.w.e.tomcat.TomcatWebServer Tomcat started on port(s): 11551 (http) with context path ''
2023-08-28 09:03:44,616  INFO [main] cn.ichiva.luckysheet.Application Started Application in 1.705 seconds (JVM running for 2.254)
2023-08-28 09:03:51,653  INFO [http-nio-11551-exec-2] o.a.c.c.C.[Tomcat].[localhost].[/] Initializing Spring DispatcherServlet 'dispatcherServlet'
2023-08-28 09:03:51,654  INFO [http-nio-11551-exec-2] o.s.web.servlet.DispatcherServlet Initializing Servlet 'dispatcherServlet'
2023-08-28 09:03:51,658  INFO [http-nio-11551-exec-2] o.s.web.servlet.DispatcherServlet Completed initialization in 4 ms
2023-08-28 09:03:53,863  INFO [http-nio-11551-exec-2] c.i.l.LuckySheetWebSocketServer 887 加入,在线人数 = 1
2023-08-28 09:03:53,928  INFO [http-nio-11551-exec-6] c.i.l.LuckySheetWebSocketServer 887 加入,在线人数 = 2
2023-08-28 09:04:12,029  INFO [http-nio-11551-exec-3] c.i.l.LuckySheetWebSocketServer 887 加入,在线人数 = 3
2023-08-28 09:04:16,868  INFO [http-nio-11551-exec-6] c.i.l.LuckySheetWebSocketServer 887 离开
2023-08-28 09:04:16,869  INFO [http-nio-11551-exec-5] c.i.l.LuckySheetWebSocketServer 887 离开
2023-08-28 09:04:16,880  INFO [http-nio-11551-exec-2] c.i.l.LuckySheetWebSocketServer 887 离开
2023-08-28 09:04:18,805  INFO [http-nio-11551-exec-8] c.i.l.LuckySheetWebSocketServer 56 加入,在线人数 = 1
2023-08-28 09:04:18,872  INFO [http-nio-11551-exec-1] c.i.l.LuckySheetWebSocketServer 56 加入,在线人数 = 2
2023-08-28 09:23:50,131  INFO [SpringContextShutdownHook] o.s.s.c.ThreadPoolTaskExecutor Shutting down ExecutorService 'applicationTaskExecutor'
2023-08-28 09:23:50,150  INFO [SpringContextShutdownHook] c.i.l.LuckySheetWebSocketServer 56 离开
2023-08-28 09:23:50,151  INFO [SpringContextShutdownHook] c.i.l.LuckySheetWebSocketServer 56 离开
