2023-08-24 09:03:58,751  INFO [main] cn.ichiva.luckysheet.Application Starting Application on LAPTOP-OI1F3CR6 with PID 16868 (started by HuuTuGe in C:\Users\HuuTuGe\Desktop\新建文件夹)
2023-08-24 09:03:58,760  INFO [main] cn.ichiva.luckysheet.Application No active profile set, falling back to default profiles: default
2023-08-24 09:03:59,872  INFO [main] o.s.b.w.e.tomcat.TomcatWebServer Tomcat initialized with port(s): 11551 (http)
2023-08-24 09:03:59,883  INFO [main] o.a.coyote.http11.Http11NioProtocol Initializing ProtocolHandler ["http-nio-11551"]
2023-08-24 09:03:59,883  INFO [main] o.a.catalina.core.StandardService Starting service [Tomcat]
2023-08-24 09:03:59,883  INFO [main] o.a.catalina.core.StandardEngine Starting Servlet engine: [Apache Tomcat/9.0.30]
2023-08-24 09:03:59,969  INFO [main] o.a.c.c.C.[Tomcat].[localhost].[/] Initializing Spring embedded WebApplicationContext
2023-08-24 09:03:59,969  INFO [main] o.s.web.context.ContextLoader Root WebApplicationContext: initialization completed in 1141 ms
2023-08-24 09:04:00,177  INFO [main] o.s.s.c.ThreadPoolTaskExecutor Initializing ExecutorService 'applicationTaskExecutor'
2023-08-24 09:04:00,242  INFO [main] o.s.b.a.w.s.WelcomePageHandlerMapping Adding welcome page: class path resource [static/index.html]
2023-08-24 09:04:00,317  INFO [main] o.a.coyote.http11.Http11NioProtocol Starting ProtocolHandler ["http-nio-11551"]
2023-08-24 09:04:00,365  INFO [main] o.s.b.w.e.tomcat.TomcatWebServer Tomcat started on port(s): 11551 (http) with context path ''
2023-08-24 09:04:00,368  INFO [main] cn.ichiva.luckysheet.Application Started Application in 2.022 seconds (JVM running for 2.631)
2023-08-24 09:04:03,743  INFO [http-nio-11551-exec-3] o.a.c.c.C.[Tomcat].[localhost].[/] Initializing Spring DispatcherServlet 'dispatcherServlet'
2023-08-24 09:04:03,743  INFO [http-nio-11551-exec-3] o.s.web.servlet.DispatcherServlet Initializing Servlet 'dispatcherServlet'
2023-08-24 09:04:03,750  INFO [http-nio-11551-exec-3] o.s.web.servlet.DispatcherServlet Completed initialization in 7 ms
2023-08-24 09:04:05,889  INFO [http-nio-11551-exec-6] c.i.l.LuckySheetWebSocketServer 4 加入,在线人数 = 1
2023-08-24 09:04:06,025  INFO [http-nio-11551-exec-9] c.i.l.LuckySheetWebSocketServer 4 加入,在线人数 = 2
2023-08-24 09:05:21,746  INFO [http-nio-11551-exec-3] c.i.l.LuckySheetWebSocketServer 4 离开
2023-08-24 09:05:21,764  INFO [http-nio-11551-exec-2] c.i.l.LuckySheetWebSocketServer 4 离开
2023-08-24 09:05:23,903  INFO [http-nio-11551-exec-10] c.i.l.LuckySheetWebSocketServer 4 加入,在线人数 = 1
2023-08-24 09:05:24,012  INFO [http-nio-11551-exec-7] c.i.l.LuckySheetWebSocketServer 4 加入,在线人数 = 2
2023-08-24 09:06:14,265  INFO [SpringContextShutdownHook] o.s.s.c.ThreadPoolTaskExecutor Shutting down ExecutorService 'applicationTaskExecutor'
2023-08-24 09:06:14,296  INFO [SpringContextShutdownHook] c.i.l.LuckySheetWebSocketServer 4 离开
2023-08-24 09:06:14,296  INFO [SpringContextShutdownHook] c.i.l.LuckySheetWebSocketServer 4 离开
2023-08-24 09:06:16,917  INFO [main] cn.ichiva.luckysheet.Application Starting Application on LAPTOP-OI1F3CR6 with PID 28376 (started by HuuTuGe in C:\Users\HuuTuGe\Desktop\新建文件夹)
2023-08-24 09:06:16,920  INFO [main] cn.ichiva.luckysheet.Application No active profile set, falling back to default profiles: default
2023-08-24 09:06:18,145  INFO [main] o.s.b.w.e.tomcat.TomcatWebServer Tomcat initialized with port(s): 11551 (http)
2023-08-24 09:06:18,159  INFO [main] o.a.coyote.http11.Http11NioProtocol Initializing ProtocolHandler ["http-nio-11551"]
2023-08-24 09:06:18,159  INFO [main] o.a.catalina.core.StandardService Starting service [Tomcat]
2023-08-24 09:06:18,159  INFO [main] o.a.catalina.core.StandardEngine Starting Servlet engine: [Apache Tomcat/9.0.30]
2023-08-24 09:06:18,297  INFO [main] o.a.c.c.C.[Tomcat].[localhost].[/] Initializing Spring embedded WebApplicationContext
2023-08-24 09:06:18,297  INFO [main] o.s.web.context.ContextLoader Root WebApplicationContext: initialization completed in 1310 ms
2023-08-24 09:06:18,516  INFO [main] o.s.s.c.ThreadPoolTaskExecutor Initializing ExecutorService 'applicationTaskExecutor'
2023-08-24 09:06:18,602  INFO [main] o.s.b.a.w.s.WelcomePageHandlerMapping Adding welcome page: class path resource [static/index.html]
2023-08-24 09:06:18,696  INFO [main] o.a.coyote.http11.Http11NioProtocol Starting ProtocolHandler ["http-nio-11551"]
2023-08-24 09:06:18,755  INFO [main] o.s.b.w.e.tomcat.TomcatWebServer Tomcat started on port(s): 11551 (http) with context path ''
2023-08-24 09:06:18,757  INFO [main] cn.ichiva.luckysheet.Application Started Application in 2.258 seconds (JVM running for 2.823)
2023-08-24 09:06:18,820  INFO [http-nio-11551-exec-1] o.a.c.c.C.[Tomcat].[localhost].[/] Initializing Spring DispatcherServlet 'dispatcherServlet'
2023-08-24 09:06:18,821  INFO [http-nio-11551-exec-1] o.s.web.servlet.DispatcherServlet Initializing Servlet 'dispatcherServlet'
2023-08-24 09:06:18,826  INFO [http-nio-11551-exec-1] o.s.web.servlet.DispatcherServlet Completed initialization in 5 ms
2023-08-24 09:06:23,416  INFO [http-nio-11551-exec-5] c.i.l.LuckySheetWebSocketServer 45 加入,在线人数 = 1
2023-08-24 09:06:23,567  INFO [http-nio-11551-exec-8] c.i.l.LuckySheetWebSocketServer 45 加入,在线人数 = 2
2023-08-24 09:22:39,479  INFO [SpringContextShutdownHook] o.s.s.c.ThreadPoolTaskExecutor Shutting down ExecutorService 'applicationTaskExecutor'
2023-08-24 09:22:39,505  INFO [SpringContextShutdownHook] c.i.l.LuckySheetWebSocketServer 45 离开
2023-08-24 09:22:39,505  INFO [SpringContextShutdownHook] c.i.l.LuckySheetWebSocketServer 45 离开
2023-08-24 09:22:50,624  INFO [main] cn.ichiva.luckysheet.Application Starting Application on LAPTOP-OI1F3CR6 with PID 27268 (started by HuuTuGe in C:\Users\HuuTuGe\Desktop\新建文件夹)
2023-08-24 09:22:50,627  INFO [main] cn.ichiva.luckysheet.Application No active profile set, falling back to default profiles: default
2023-08-24 09:22:51,710  INFO [main] o.s.b.w.e.tomcat.TomcatWebServer Tomcat initialized with port(s): 11551 (http)
2023-08-24 09:22:51,722  INFO [main] o.a.coyote.http11.Http11NioProtocol Initializing ProtocolHandler ["http-nio-11551"]
2023-08-24 09:22:51,723  INFO [main] o.a.catalina.core.StandardService Starting service [Tomcat]
2023-08-24 09:22:51,723  INFO [main] o.a.catalina.core.StandardEngine Starting Servlet engine: [Apache Tomcat/9.0.30]
2023-08-24 09:22:51,816  INFO [main] o.a.c.c.C.[Tomcat].[localhost].[/] Initializing Spring embedded WebApplicationContext
2023-08-24 09:22:51,817  INFO [main] o.s.web.context.ContextLoader Root WebApplicationContext: initialization completed in 1128 ms
2023-08-24 09:22:52,016  INFO [main] o.s.s.c.ThreadPoolTaskExecutor Initializing ExecutorService 'applicationTaskExecutor'
2023-08-24 09:22:52,081  INFO [main] o.s.b.a.w.s.WelcomePageHandlerMapping Adding welcome page: class path resource [static/index.html]
2023-08-24 09:22:52,151  INFO [main] o.a.coyote.http11.Http11NioProtocol Starting ProtocolHandler ["http-nio-11551"]
2023-08-24 09:22:52,194  INFO [main] o.s.b.w.e.tomcat.TomcatWebServer Tomcat started on port(s): 11551 (http) with context path ''
2023-08-24 09:22:52,196  INFO [main] cn.ichiva.luckysheet.Application Started Application in 1.974 seconds (JVM running for 2.553)
2023-08-24 09:22:52,397  INFO [http-nio-11551-exec-1] o.a.c.c.C.[Tomcat].[localhost].[/] Initializing Spring DispatcherServlet 'dispatcherServlet'
2023-08-24 09:22:52,398  INFO [http-nio-11551-exec-1] o.s.web.servlet.DispatcherServlet Initializing Servlet 'dispatcherServlet'
2023-08-24 09:22:52,412  INFO [http-nio-11551-exec-1] o.s.web.servlet.DispatcherServlet Completed initialization in 13 ms
2023-08-24 09:22:54,896  INFO [http-nio-11551-exec-5] c.i.l.LuckySheetWebSocketServer ss 加入,在线人数 = 1
2023-08-24 09:22:54,948  INFO [http-nio-11551-exec-6] c.i.l.LuckySheetWebSocketServer ss 加入,在线人数 = 2
2023-08-24 09:23:10,665  INFO [SpringContextShutdownHook] o.s.s.c.ThreadPoolTaskExecutor Shutting down ExecutorService 'applicationTaskExecutor'
2023-08-24 09:23:10,690  INFO [SpringContextShutdownHook] c.i.l.LuckySheetWebSocketServer ss 离开
2023-08-24 09:23:10,690  INFO [SpringContextShutdownHook] c.i.l.LuckySheetWebSocketServer ss 离开
2023-08-24 09:23:14,721  INFO [main] cn.ichiva.luckysheet.Application Starting Application on LAPTOP-OI1F3CR6 with PID 21816 (started by HuuTuGe in C:\Users\HuuTuGe\Desktop\新建文件夹)
2023-08-24 09:23:14,723  INFO [main] cn.ichiva.luckysheet.Application No active profile set, falling back to default profiles: default
2023-08-24 09:23:15,732  INFO [main] o.s.b.w.e.tomcat.TomcatWebServer Tomcat initialized with port(s): 11551 (http)
2023-08-24 09:23:15,743  INFO [main] o.a.coyote.http11.Http11NioProtocol Initializing ProtocolHandler ["http-nio-11551"]
2023-08-24 09:23:15,743  INFO [main] o.a.catalina.core.StandardService Starting service [Tomcat]
2023-08-24 09:23:15,743  INFO [main] o.a.catalina.core.StandardEngine Starting Servlet engine: [Apache Tomcat/9.0.30]
2023-08-24 09:23:15,833  INFO [main] o.a.c.c.C.[Tomcat].[localhost].[/] Initializing Spring embedded WebApplicationContext
2023-08-24 09:23:15,834  INFO [main] o.s.web.context.ContextLoader Root WebApplicationContext: initialization completed in 1049 ms
2023-08-24 09:23:16,048  INFO [main] o.s.s.c.ThreadPoolTaskExecutor Initializing ExecutorService 'applicationTaskExecutor'
2023-08-24 09:23:16,121  INFO [main] o.s.b.a.w.s.WelcomePageHandlerMapping Adding welcome page: class path resource [static/index.html]
2023-08-24 09:23:16,197  INFO [main] o.a.coyote.http11.Http11NioProtocol Starting ProtocolHandler ["http-nio-11551"]
2023-08-24 09:23:16,239  INFO [main] o.s.b.w.e.tomcat.TomcatWebServer Tomcat started on port(s): 11551 (http) with context path ''
2023-08-24 09:23:16,241  INFO [main] cn.ichiva.luckysheet.Application Started Application in 1.911 seconds (JVM running for 2.347)
2023-08-24 09:23:16,439  INFO [http-nio-11551-exec-1] o.a.c.c.C.[Tomcat].[localhost].[/] Initializing Spring DispatcherServlet 'dispatcherServlet'
2023-08-24 09:23:16,443  INFO [http-nio-11551-exec-1] o.s.web.servlet.DispatcherServlet Initializing Servlet 'dispatcherServlet'
2023-08-24 09:23:16,453  INFO [http-nio-11551-exec-1] o.s.web.servlet.DispatcherServlet Completed initialization in 10 ms
2023-08-24 09:23:21,872  INFO [http-nio-11551-exec-4] c.i.l.LuckySheetWebSocketServer 是 加入,在线人数 = 1
2023-08-24 09:23:22,019  INFO [http-nio-11551-exec-9] c.i.l.LuckySheetWebSocketServer 是 加入,在线人数 = 2
2023-08-24 09:32:26,698  INFO [SpringContextShutdownHook] o.s.s.c.ThreadPoolTaskExecutor Shutting down ExecutorService 'applicationTaskExecutor'
2023-08-24 09:32:26,719  INFO [SpringContextShutdownHook] c.i.l.LuckySheetWebSocketServer 是 离开
2023-08-24 09:32:26,720  INFO [SpringContextShutdownHook] c.i.l.LuckySheetWebSocketServer 是 离开
2023-08-24 09:32:30,392  INFO [main] cn.ichiva.luckysheet.Application Starting Application on LAPTOP-OI1F3CR6 with PID 4164 (started by HuuTuGe in C:\Users\HuuTuGe\Desktop\新建文件夹)
2023-08-24 09:32:30,395  INFO [main] cn.ichiva.luckysheet.Application No active profile set, falling back to default profiles: default
2023-08-24 09:32:31,358  INFO [main] o.s.b.w.e.tomcat.TomcatWebServer Tomcat initialized with port(s): 11551 (http)
2023-08-24 09:32:31,366  INFO [main] o.a.coyote.http11.Http11NioProtocol Initializing ProtocolHandler ["http-nio-11551"]
2023-08-24 09:32:31,367  INFO [main] o.a.catalina.core.StandardService Starting service [Tomcat]
2023-08-24 09:32:31,367  INFO [main] o.a.catalina.core.StandardEngine Starting Servlet engine: [Apache Tomcat/9.0.30]
2023-08-24 09:32:31,455  INFO [main] o.a.c.c.C.[Tomcat].[localhost].[/] Initializing Spring embedded WebApplicationContext
2023-08-24 09:32:31,456  INFO [main] o.s.web.context.ContextLoader Root WebApplicationContext: initialization completed in 1011 ms
2023-08-24 09:32:31,653  INFO [main] o.s.s.c.ThreadPoolTaskExecutor Initializing ExecutorService 'applicationTaskExecutor'
2023-08-24 09:32:31,722  INFO [main] o.s.b.a.w.s.WelcomePageHandlerMapping Adding welcome page: class path resource [static/index.html]
2023-08-24 09:32:31,798  INFO [main] o.a.coyote.http11.Http11NioProtocol Starting ProtocolHandler ["http-nio-11551"]
2023-08-24 09:32:31,845  INFO [main] o.s.b.w.e.tomcat.TomcatWebServer Tomcat started on port(s): 11551 (http) with context path ''
2023-08-24 09:32:31,847  INFO [main] cn.ichiva.luckysheet.Application Started Application in 1.796 seconds (JVM running for 2.296)
2023-08-24 09:32:31,889  INFO [http-nio-11551-exec-1] o.a.c.c.C.[Tomcat].[localhost].[/] Initializing Spring DispatcherServlet 'dispatcherServlet'
2023-08-24 09:32:31,889  INFO [http-nio-11551-exec-1] o.s.web.servlet.DispatcherServlet Initializing Servlet 'dispatcherServlet'
2023-08-24 09:32:31,894  INFO [http-nio-11551-exec-1] o.s.web.servlet.DispatcherServlet Completed initialization in 5 ms
2023-08-24 09:32:33,944  INFO [http-nio-11551-exec-5] c.i.l.LuckySheetWebSocketServer 45 加入,在线人数 = 1
2023-08-24 09:32:34,006  INFO [http-nio-11551-exec-4] c.i.l.LuckySheetWebSocketServer 45 加入,在线人数 = 2
2023-08-24 09:33:24,727  INFO [SpringContextShutdownHook] o.s.s.c.ThreadPoolTaskExecutor Shutting down ExecutorService 'applicationTaskExecutor'
2023-08-24 09:33:24,770  INFO [SpringContextShutdownHook] c.i.l.LuckySheetWebSocketServer 45 离开
2023-08-24 09:33:24,771  INFO [SpringContextShutdownHook] c.i.l.LuckySheetWebSocketServer 45 离开
2023-08-24 09:33:33,009  INFO [main] cn.ichiva.luckysheet.Application Starting Application on LAPTOP-OI1F3CR6 with PID 24128 (started by HuuTuGe in C:\Users\HuuTuGe\Desktop\新建文件夹)
2023-08-24 09:33:33,014  INFO [main] cn.ichiva.luckysheet.Application No active profile set, falling back to default profiles: default
2023-08-24 09:33:33,966  INFO [main] o.s.b.w.e.tomcat.TomcatWebServer Tomcat initialized with port(s): 11551 (http)
2023-08-24 09:33:33,974  INFO [main] o.a.coyote.http11.Http11NioProtocol Initializing ProtocolHandler ["http-nio-11551"]
2023-08-24 09:33:33,974  INFO [main] o.a.catalina.core.StandardService Starting service [Tomcat]
2023-08-24 09:33:33,974  INFO [main] o.a.catalina.core.StandardEngine Starting Servlet engine: [Apache Tomcat/9.0.30]
2023-08-24 09:33:34,053  INFO [main] o.a.c.c.C.[Tomcat].[localhost].[/] Initializing Spring embedded WebApplicationContext
2023-08-24 09:33:34,053  INFO [main] o.s.web.context.ContextLoader Root WebApplicationContext: initialization completed in 997 ms
2023-08-24 09:33:34,232  INFO [main] o.s.s.c.ThreadPoolTaskExecutor Initializing ExecutorService 'applicationTaskExecutor'
2023-08-24 09:33:34,290  INFO [main] o.s.b.a.w.s.WelcomePageHandlerMapping Adding welcome page: class path resource [static/index.html]
2023-08-24 09:33:34,356  INFO [main] o.a.coyote.http11.Http11NioProtocol Starting ProtocolHandler ["http-nio-11551"]
2023-08-24 09:33:34,395  INFO [main] o.s.b.w.e.tomcat.TomcatWebServer Tomcat started on port(s): 11551 (http) with context path ''
2023-08-24 09:33:34,396  INFO [main] cn.ichiva.luckysheet.Application Started Application in 1.71 seconds (JVM running for 2.12)
2023-08-24 09:33:53,863  INFO [http-nio-11551-exec-1] o.a.c.c.C.[Tomcat].[localhost].[/] Initializing Spring DispatcherServlet 'dispatcherServlet'
2023-08-24 09:33:53,864  INFO [http-nio-11551-exec-1] o.s.web.servlet.DispatcherServlet Initializing Servlet 'dispatcherServlet'
2023-08-24 09:33:53,869  INFO [http-nio-11551-exec-1] o.s.web.servlet.DispatcherServlet Completed initialization in 5 ms
2023-08-24 09:33:55,887  INFO [http-nio-11551-exec-5] c.i.l.LuckySheetWebSocketServer 45 加入,在线人数 = 1
2023-08-24 09:33:55,919  INFO [http-nio-11551-exec-6] c.i.l.LuckySheetWebSocketServer 45 加入,在线人数 = 2
2023-08-24 09:43:23,176  INFO [SpringContextShutdownHook] o.s.s.c.ThreadPoolTaskExecutor Shutting down ExecutorService 'applicationTaskExecutor'
2023-08-24 09:43:23,194  INFO [SpringContextShutdownHook] c.i.l.LuckySheetWebSocketServer 45 离开
2023-08-24 09:43:23,195  INFO [SpringContextShutdownHook] c.i.l.LuckySheetWebSocketServer 45 离开
2023-08-24 09:57:48,769  INFO [main] cn.ichiva.luckysheet.Application Starting Application on LAPTOP-OI1F3CR6 with PID 32688 (started by HuuTuGe in C:\Users\HuuTuGe\Desktop\新建文件夹)
2023-08-24 09:57:48,771  INFO [main] cn.ichiva.luckysheet.Application No active profile set, falling back to default profiles: default
2023-08-24 09:57:49,452  INFO [main] o.s.b.w.e.tomcat.TomcatWebServer Tomcat initialized with port(s): 11551 (http)
2023-08-24 09:57:49,464  INFO [main] o.a.coyote.http11.Http11NioProtocol Initializing ProtocolHandler ["http-nio-11551"]
2023-08-24 09:57:49,464  INFO [main] o.a.catalina.core.StandardService Starting service [Tomcat]
2023-08-24 09:57:49,465  INFO [main] o.a.catalina.core.StandardEngine Starting Servlet engine: [Apache Tomcat/9.0.30]
2023-08-24 09:57:49,542  INFO [main] o.a.c.c.C.[Tomcat].[localhost].[/] Initializing Spring embedded WebApplicationContext
2023-08-24 09:57:49,542  INFO [main] o.s.web.context.ContextLoader Root WebApplicationContext: initialization completed in 738 ms
2023-08-24 09:57:49,689  INFO [main] o.s.s.c.ThreadPoolTaskExecutor Initializing ExecutorService 'applicationTaskExecutor'
2023-08-24 09:57:49,739  INFO [main] o.s.b.a.w.s.WelcomePageHandlerMapping Adding welcome page: class path resource [static/index.html]
2023-08-24 09:57:49,794  INFO [main] o.a.coyote.http11.Http11NioProtocol Starting ProtocolHandler ["http-nio-11551"]
2023-08-24 09:57:49,830  INFO [main] o.s.b.w.e.tomcat.TomcatWebServer Tomcat started on port(s): 11551 (http) with context path ''
2023-08-24 09:57:49,832  INFO [main] cn.ichiva.luckysheet.Application Started Application in 1.313 seconds (JVM running for 1.658)
2023-08-24 09:57:52,917  INFO [http-nio-11551-exec-1] o.a.c.c.C.[Tomcat].[localhost].[/] Initializing Spring DispatcherServlet 'dispatcherServlet'
2023-08-24 09:57:52,918  INFO [http-nio-11551-exec-1] o.s.web.servlet.DispatcherServlet Initializing Servlet 'dispatcherServlet'
2023-08-24 09:57:52,922  INFO [http-nio-11551-exec-1] o.s.web.servlet.DispatcherServlet Completed initialization in 4 ms
2023-08-24 09:57:55,055  INFO [http-nio-11551-exec-4] c.i.l.LuckySheetWebSocketServer 45 加入,在线人数 = 1
2023-08-24 09:58:10,239  INFO [http-nio-11551-exec-2] c.i.l.LuckySheetWebSocketServer 45 离开
2023-08-24 09:58:12,694  INFO [http-nio-11551-exec-10] c.i.l.LuckySheetWebSocketServer 12 加入,在线人数 = 1
2023-08-24 09:58:12,783  INFO [http-nio-11551-exec-3] c.i.l.LuckySheetWebSocketServer 12 加入,在线人数 = 2
2023-08-24 09:58:41,362  INFO [SpringContextShutdownHook] o.s.s.c.ThreadPoolTaskExecutor Shutting down ExecutorService 'applicationTaskExecutor'
2023-08-24 09:58:41,388  INFO [SpringContextShutdownHook] c.i.l.LuckySheetWebSocketServer 12 离开
2023-08-24 09:58:41,389  INFO [SpringContextShutdownHook] c.i.l.LuckySheetWebSocketServer 12 离开
2023-08-24 09:58:43,727  INFO [main] cn.ichiva.luckysheet.Application Starting Application on LAPTOP-OI1F3CR6 with PID 20908 (started by HuuTuGe in C:\Users\HuuTuGe\Desktop\新建文件夹)
2023-08-24 09:58:43,729  INFO [main] cn.ichiva.luckysheet.Application No active profile set, falling back to default profiles: default
2023-08-24 09:58:44,458  INFO [main] o.s.b.w.e.tomcat.TomcatWebServer Tomcat initialized with port(s): 11551 (http)
2023-08-24 09:58:44,466  INFO [main] o.a.coyote.http11.Http11NioProtocol Initializing ProtocolHandler ["http-nio-11551"]
2023-08-24 09:58:44,466  INFO [main] o.a.catalina.core.StandardService Starting service [Tomcat]
2023-08-24 09:58:44,466  INFO [main] o.a.catalina.core.StandardEngine Starting Servlet engine: [Apache Tomcat/9.0.30]
2023-08-24 09:58:44,539  INFO [main] o.a.c.c.C.[Tomcat].[localhost].[/] Initializing Spring embedded WebApplicationContext
2023-08-24 09:58:44,539  INFO [main] o.s.web.context.ContextLoader Root WebApplicationContext: initialization completed in 773 ms
2023-08-24 09:58:44,702  INFO [main] o.s.s.c.ThreadPoolTaskExecutor Initializing ExecutorService 'applicationTaskExecutor'
2023-08-24 09:58:44,757  INFO [main] o.s.b.a.w.s.WelcomePageHandlerMapping Adding welcome page: class path resource [static/index.html]
2023-08-24 09:58:44,819  INFO [main] o.a.coyote.http11.Http11NioProtocol Starting ProtocolHandler ["http-nio-11551"]
2023-08-24 09:58:44,855  INFO [main] o.s.b.w.e.tomcat.TomcatWebServer Tomcat started on port(s): 11551 (http) with context path ''
2023-08-24 09:58:44,856  INFO [main] cn.ichiva.luckysheet.Application Started Application in 1.39 seconds (JVM running for 1.754)
2023-08-24 09:58:46,783  INFO [http-nio-11551-exec-1] o.a.c.c.C.[Tomcat].[localhost].[/] Initializing Spring DispatcherServlet 'dispatcherServlet'
2023-08-24 09:58:46,783  INFO [http-nio-11551-exec-1] o.s.web.servlet.DispatcherServlet Initializing Servlet 'dispatcherServlet'
2023-08-24 09:58:46,788  INFO [http-nio-11551-exec-1] o.s.web.servlet.DispatcherServlet Completed initialization in 5 ms
2023-08-24 09:58:48,256  INFO [http-nio-11551-exec-5] c.i.l.LuckySheetWebSocketServer ss 加入,在线人数 = 1
2023-08-24 09:58:48,294  INFO [http-nio-11551-exec-7] c.i.l.LuckySheetWebSocketServer ss 加入,在线人数 = 2
2023-08-24 10:05:04,293  INFO [SpringContextShutdownHook] o.s.s.c.ThreadPoolTaskExecutor Shutting down ExecutorService 'applicationTaskExecutor'
2023-08-24 10:05:04,311  INFO [SpringContextShutdownHook] c.i.l.LuckySheetWebSocketServer ss 离开
2023-08-24 10:05:04,311  INFO [SpringContextShutdownHook] c.i.l.LuckySheetWebSocketServer ss 离开
2023-08-24 10:05:06,640  INFO [main] cn.ichiva.luckysheet.Application Starting Application on LAPTOP-OI1F3CR6 with PID 27556 (started by HuuTuGe in C:\Users\HuuTuGe\Desktop\新建文件夹)
2023-08-24 10:05:06,642  INFO [main] cn.ichiva.luckysheet.Application No active profile set, falling back to default profiles: default
2023-08-24 10:05:07,416  INFO [main] o.s.b.w.e.tomcat.TomcatWebServer Tomcat initialized with port(s): 11551 (http)
2023-08-24 10:05:07,424  INFO [main] o.a.coyote.http11.Http11NioProtocol Initializing ProtocolHandler ["http-nio-11551"]
2023-08-24 10:05:07,425  INFO [main] o.a.catalina.core.StandardService Starting service [Tomcat]
2023-08-24 10:05:07,425  INFO [main] o.a.catalina.core.StandardEngine Starting Servlet engine: [Apache Tomcat/9.0.30]
2023-08-24 10:05:07,499  INFO [main] o.a.c.c.C.[Tomcat].[localhost].[/] Initializing Spring embedded WebApplicationContext
2023-08-24 10:05:07,499  INFO [main] o.s.web.context.ContextLoader Root WebApplicationContext: initialization completed in 816 ms
2023-08-24 10:05:07,654  INFO [main] o.s.s.c.ThreadPoolTaskExecutor Initializing ExecutorService 'applicationTaskExecutor'
2023-08-24 10:05:07,707  INFO [main] o.s.b.a.w.s.WelcomePageHandlerMapping Adding welcome page: class path resource [static/index.html]
2023-08-24 10:05:07,766  INFO [main] o.a.coyote.http11.Http11NioProtocol Starting ProtocolHandler ["http-nio-11551"]
2023-08-24 10:05:07,805  INFO [main] o.s.b.w.e.tomcat.TomcatWebServer Tomcat started on port(s): 11551 (http) with context path ''
2023-08-24 10:05:07,807  INFO [main] cn.ichiva.luckysheet.Application Started Application in 1.442 seconds (JVM running for 1.806)
2023-08-24 10:05:07,840  INFO [http-nio-11551-exec-1] o.a.c.c.C.[Tomcat].[localhost].[/] Initializing Spring DispatcherServlet 'dispatcherServlet'
2023-08-24 10:05:07,840  INFO [http-nio-11551-exec-1] o.s.web.servlet.DispatcherServlet Initializing Servlet 'dispatcherServlet'
2023-08-24 10:05:07,844  INFO [http-nio-11551-exec-1] o.s.web.servlet.DispatcherServlet Completed initialization in 4 ms
2023-08-24 10:05:10,068  INFO [http-nio-11551-exec-5] c.i.l.LuckySheetWebSocketServer ss 加入,在线人数 = 1
2023-08-24 10:05:10,147  INFO [http-nio-11551-exec-6] c.i.l.LuckySheetWebSocketServer ss 加入,在线人数 = 2
2023-08-24 10:06:00,487  INFO [SpringContextShutdownHook] o.s.s.c.ThreadPoolTaskExecutor Shutting down ExecutorService 'applicationTaskExecutor'
2023-08-24 10:06:00,525  INFO [SpringContextShutdownHook] c.i.l.LuckySheetWebSocketServer ss 离开
2023-08-24 10:06:00,526  INFO [SpringContextShutdownHook] c.i.l.LuckySheetWebSocketServer ss 离开
2023-08-24 10:06:02,993  INFO [main] cn.ichiva.luckysheet.Application Starting Application on LAPTOP-OI1F3CR6 with PID 24716 (started by HuuTuGe in C:\Users\HuuTuGe\Desktop\新建文件夹)
2023-08-24 10:06:02,995  INFO [main] cn.ichiva.luckysheet.Application No active profile set, falling back to default profiles: default
2023-08-24 10:06:03,737  INFO [main] o.s.b.w.e.tomcat.TomcatWebServer Tomcat initialized with port(s): 11551 (http)
2023-08-24 10:06:03,743  INFO [main] o.a.coyote.http11.Http11NioProtocol Initializing ProtocolHandler ["http-nio-11551"]
2023-08-24 10:06:03,744  INFO [main] o.a.catalina.core.StandardService Starting service [Tomcat]
2023-08-24 10:06:03,744  INFO [main] o.a.catalina.core.StandardEngine Starting Servlet engine: [Apache Tomcat/9.0.30]
2023-08-24 10:06:03,808  INFO [main] o.a.c.c.C.[Tomcat].[localhost].[/] Initializing Spring embedded WebApplicationContext
2023-08-24 10:06:03,808  INFO [main] o.s.web.context.ContextLoader Root WebApplicationContext: initialization completed in 777 ms
2023-08-24 10:06:03,956  INFO [main] o.s.s.c.ThreadPoolTaskExecutor Initializing ExecutorService 'applicationTaskExecutor'
2023-08-24 10:06:04,009  INFO [main] o.s.b.a.w.s.WelcomePageHandlerMapping Adding welcome page: class path resource [static/index.html]
2023-08-24 10:06:04,067  INFO [main] o.a.coyote.http11.Http11NioProtocol Starting ProtocolHandler ["http-nio-11551"]
2023-08-24 10:06:04,103  INFO [main] o.s.b.w.e.tomcat.TomcatWebServer Tomcat started on port(s): 11551 (http) with context path ''
2023-08-24 10:06:04,105  INFO [main] cn.ichiva.luckysheet.Application Started Application in 1.377 seconds (JVM running for 1.744)
2023-08-24 10:06:04,138  INFO [http-nio-11551-exec-1] o.a.c.c.C.[Tomcat].[localhost].[/] Initializing Spring DispatcherServlet 'dispatcherServlet'
2023-08-24 10:06:04,138  INFO [http-nio-11551-exec-1] o.s.web.servlet.DispatcherServlet Initializing Servlet 'dispatcherServlet'
2023-08-24 10:06:04,143  INFO [http-nio-11551-exec-1] o.s.web.servlet.DispatcherServlet Completed initialization in 5 ms
2023-08-24 10:06:06,160  INFO [http-nio-11551-exec-4] c.i.l.LuckySheetWebSocketServer ss 加入,在线人数 = 1
2023-08-24 10:06:06,231  INFO [http-nio-11551-exec-3] c.i.l.LuckySheetWebSocketServer ss 加入,在线人数 = 2
2023-08-24 10:13:50,696  INFO [http-nio-11551-exec-10] c.i.l.LuckySheetWebSocketServer ss 离开
2023-08-24 10:13:50,696  INFO [http-nio-11551-exec-8] c.i.l.LuckySheetWebSocketServer ss 离开
2023-08-24 10:22:14,391  INFO [SpringContextShutdownHook] o.s.s.c.ThreadPoolTaskExecutor Shutting down ExecutorService 'applicationTaskExecutor'
2023-08-24 10:22:16,756 DEBUG [background-preinit] o.h.v.m.ResourceBundleMessageInterpolator Loaded expression factory via original TCCL
2023-08-24 10:22:16,823  INFO [main] cn.ichiva.luckysheet.Application Starting Application on LAPTOP-OI1F3CR6 with PID 5912 (started by HuuTuGe in C:\Users\HuuTuGe\Desktop\新建文件夹)
2023-08-24 10:22:16,824  INFO [main] cn.ichiva.luckysheet.Application No active profile set, falling back to default profiles: default
2023-08-24 10:22:17,588  INFO [main] o.s.b.w.e.tomcat.TomcatWebServer Tomcat initialized with port(s): 11551 (http)
2023-08-24 10:22:17,597  INFO [main] o.a.coyote.http11.Http11NioProtocol Initializing ProtocolHandler ["http-nio-11551"]
2023-08-24 10:22:17,597  INFO [main] o.a.catalina.core.StandardService Starting service [Tomcat]
2023-08-24 10:22:17,597  INFO [main] o.a.catalina.core.StandardEngine Starting Servlet engine: [Apache Tomcat/9.0.30]
2023-08-24 10:22:17,662  INFO [main] o.a.c.c.C.[Tomcat].[localhost].[/] Initializing Spring embedded WebApplicationContext
2023-08-24 10:22:17,662  INFO [main] o.s.web.context.ContextLoader Root WebApplicationContext: initialization completed in 795 ms
2023-08-24 10:22:17,816  INFO [main] o.s.s.c.ThreadPoolTaskExecutor Initializing ExecutorService 'applicationTaskExecutor'
2023-08-24 10:22:17,872  INFO [main] o.s.b.a.w.s.WelcomePageHandlerMapping Adding welcome page: class path resource [static/index.html]
2023-08-24 10:22:17,936  INFO [main] o.a.coyote.http11.Http11NioProtocol Starting ProtocolHandler ["http-nio-11551"]
2023-08-24 10:22:17,975  INFO [main] o.s.b.w.e.tomcat.TomcatWebServer Tomcat started on port(s): 11551 (http) with context path ''
2023-08-24 10:22:17,977  INFO [main] cn.ichiva.luckysheet.Application Started Application in 1.418 seconds (JVM running for 1.789)
2023-08-24 10:22:19,501  INFO [http-nio-11551-exec-1] o.a.c.c.C.[Tomcat].[localhost].[/] Initializing Spring DispatcherServlet 'dispatcherServlet'
2023-08-24 10:22:19,501  INFO [http-nio-11551-exec-1] o.s.web.servlet.DispatcherServlet Initializing Servlet 'dispatcherServlet'
2023-08-24 10:22:19,505  INFO [http-nio-11551-exec-1] o.s.web.servlet.DispatcherServlet Completed initialization in 4 ms
2023-08-24 10:22:20,906  INFO [http-nio-11551-exec-2] c.i.l.LuckySheetWebSocketServer 12 加入,在线人数 = 1
2023-08-24 10:22:20,985  INFO [http-nio-11551-exec-8] c.i.l.LuckySheetWebSocketServer 12 加入,在线人数 = 2
2023-08-24 10:39:09,672  WARN [http-nio-11551-exec-7] c.i.l.LuckySheetWebSocketServer 链接错误
java.io.EOFException: null
	at org.apache.tomcat.util.net.NioEndpoint$NioSocketWrapper.fillReadBuffer(NioEndpoint.java:1235)
	at org.apache.tomcat.util.net.NioEndpoint$NioSocketWrapper.read(NioEndpoint.java:1143)
	at org.apache.tomcat.websocket.server.WsFrameServer.onDataAvailable(WsFrameServer.java:72)
	at org.apache.tomcat.websocket.server.WsFrameServer.doOnDataAvailable(WsFrameServer.java:171)
	at org.apache.tomcat.websocket.server.WsFrameServer.notifyDataAvailable(WsFrameServer.java:151)
	at org.apache.tomcat.websocket.server.WsHttpUpgradeHandler.upgradeDispatch(WsHttpUpgradeHandler.java:148)
	at org.apache.coyote.http11.upgrade.UpgradeProcessorInternal.dispatch(UpgradeProcessorInternal.java:54)
	at org.apache.coyote.AbstractProcessorLight.process(AbstractProcessorLight.java:59)
	at org.apache.coyote.AbstractProtocol$ConnectionHandler.process(AbstractProtocol.java:860)
	at org.apache.tomcat.util.net.NioEndpoint$SocketProcessor.doRun(NioEndpoint.java:1598)
	at org.apache.tomcat.util.net.SocketProcessorBase.run(SocketProcessorBase.java:49)
	at java.base/java.util.concurrent.ThreadPoolExecutor.runWorker(ThreadPoolExecutor.java:1144)
	at java.base/java.util.concurrent.ThreadPoolExecutor$Worker.run(ThreadPoolExecutor.java:642)
	at org.apache.tomcat.util.threads.TaskThread$WrappingRunnable.run(TaskThread.java:61)
	at java.base/java.lang.Thread.run(Thread.java:1589)
2023-08-24 10:39:09,672  WARN [http-nio-11551-exec-3] c.i.l.LuckySheetWebSocketServer 链接错误
java.io.EOFException: null
	at org.apache.tomcat.util.net.NioEndpoint$NioSocketWrapper.fillReadBuffer(NioEndpoint.java:1235)
	at org.apache.tomcat.util.net.NioEndpoint$NioSocketWrapper.read(NioEndpoint.java:1143)
	at org.apache.tomcat.websocket.server.WsFrameServer.onDataAvailable(WsFrameServer.java:72)
	at org.apache.tomcat.websocket.server.WsFrameServer.doOnDataAvailable(WsFrameServer.java:171)
	at org.apache.tomcat.websocket.server.WsFrameServer.notifyDataAvailable(WsFrameServer.java:151)
	at org.apache.tomcat.websocket.server.WsHttpUpgradeHandler.upgradeDispatch(WsHttpUpgradeHandler.java:148)
	at org.apache.coyote.http11.upgrade.UpgradeProcessorInternal.dispatch(UpgradeProcessorInternal.java:54)
	at org.apache.coyote.AbstractProcessorLight.process(AbstractProcessorLight.java:59)
	at org.apache.coyote.AbstractProtocol$ConnectionHandler.process(AbstractProtocol.java:860)
	at org.apache.tomcat.util.net.NioEndpoint$SocketProcessor.doRun(NioEndpoint.java:1598)
	at org.apache.tomcat.util.net.SocketProcessorBase.run(SocketProcessorBase.java:49)
	at java.base/java.util.concurrent.ThreadPoolExecutor.runWorker(ThreadPoolExecutor.java:1144)
	at java.base/java.util.concurrent.ThreadPoolExecutor$Worker.run(ThreadPoolExecutor.java:642)
	at org.apache.tomcat.util.threads.TaskThread$WrappingRunnable.run(TaskThread.java:61)
	at java.base/java.lang.Thread.run(Thread.java:1589)
2023-08-24 10:39:09,673  INFO [http-nio-11551-exec-7] c.i.l.LuckySheetWebSocketServer 12 离开
2023-08-24 10:39:09,673  INFO [http-nio-11551-exec-3] c.i.l.LuckySheetWebSocketServer 12 离开
2023-08-24 16:09:33,713  INFO [main] cn.ichiva.luckysheet.Application Starting Application on LAPTOP-OI1F3CR6 with PID 30364 (started by HuuTuGe in C:\Users\HuuTuGe\Desktop\新建文件夹)
2023-08-24 16:09:33,715  INFO [main] cn.ichiva.luckysheet.Application No active profile set, falling back to default profiles: default
2023-08-24 16:09:34,539  INFO [main] o.s.b.w.e.tomcat.TomcatWebServer Tomcat initialized with port(s): 11551 (http)
2023-08-24 16:09:34,553  INFO [main] o.a.coyote.http11.Http11NioProtocol Initializing ProtocolHandler ["http-nio-11551"]
2023-08-24 16:09:34,553  INFO [main] o.a.catalina.core.StandardService Starting service [Tomcat]
2023-08-24 16:09:34,553  INFO [main] o.a.catalina.core.StandardEngine Starting Servlet engine: [Apache Tomcat/9.0.30]
2023-08-24 16:09:34,630  INFO [main] o.a.c.c.C.[Tomcat].[localhost].[/] Initializing Spring embedded WebApplicationContext
2023-08-24 16:09:34,631  INFO [main] o.s.web.context.ContextLoader Root WebApplicationContext: initialization completed in 878 ms
2023-08-24 16:09:34,776  INFO [main] o.s.s.c.ThreadPoolTaskExecutor Initializing ExecutorService 'applicationTaskExecutor'
2023-08-24 16:09:34,831  INFO [main] o.s.b.a.w.s.WelcomePageHandlerMapping Adding welcome page: class path resource [static/index.html]
2023-08-24 16:09:34,890  INFO [main] o.a.coyote.http11.Http11NioProtocol Starting ProtocolHandler ["http-nio-11551"]
2023-08-24 16:09:34,927  INFO [main] o.s.b.w.e.tomcat.TomcatWebServer Tomcat started on port(s): 11551 (http) with context path ''
2023-08-24 16:09:34,930  INFO [main] cn.ichiva.luckysheet.Application Started Application in 1.577 seconds (JVM running for 6.299)
2023-08-24 16:42:18,707  INFO [SpringContextShutdownHook] o.s.s.c.ThreadPoolTaskExecutor Shutting down ExecutorService 'applicationTaskExecutor'
2023-08-24 16:42:20,799  INFO [main] cn.ichiva.luckysheet.Application Starting Application on LAPTOP-OI1F3CR6 with PID 27828 (started by HuuTuGe in C:\Users\HuuTuGe\Desktop\新建文件夹)
2023-08-24 16:42:20,802  INFO [main] cn.ichiva.luckysheet.Application No active profile set, falling back to default profiles: default
2023-08-24 16:42:21,584  INFO [main] o.s.b.w.e.tomcat.TomcatWebServer Tomcat initialized with port(s): 11551 (http)
2023-08-24 16:42:21,592  INFO [main] o.a.coyote.http11.Http11NioProtocol Initializing ProtocolHandler ["http-nio-11551"]
2023-08-24 16:42:21,592  INFO [main] o.a.catalina.core.StandardService Starting service [Tomcat]
2023-08-24 16:42:21,592  INFO [main] o.a.catalina.core.StandardEngine Starting Servlet engine: [Apache Tomcat/9.0.30]
2023-08-24 16:42:21,657  INFO [main] o.a.c.c.C.[Tomcat].[localhost].[/] Initializing Spring embedded WebApplicationContext
2023-08-24 16:42:21,657  INFO [main] o.s.web.context.ContextLoader Root WebApplicationContext: initialization completed in 815 ms
2023-08-24 16:42:21,827  INFO [main] o.s.s.c.ThreadPoolTaskExecutor Initializing ExecutorService 'applicationTaskExecutor'
2023-08-24 16:42:21,888  INFO [main] o.s.b.a.w.s.WelcomePageHandlerMapping Adding welcome page: class path resource [static/index.html]
2023-08-24 16:42:21,957  INFO [main] o.a.coyote.http11.Http11NioProtocol Starting ProtocolHandler ["http-nio-11551"]
2023-08-24 16:42:22,002  INFO [main] o.s.b.w.e.tomcat.TomcatWebServer Tomcat started on port(s): 11551 (http) with context path ''
2023-08-24 16:42:22,004  INFO [main] cn.ichiva.luckysheet.Application Started Application in 1.485 seconds (JVM running for 1.858)
2023-08-24 16:42:30,006  INFO [http-nio-11551-exec-1] o.a.c.c.C.[Tomcat].[localhost].[/] Initializing Spring DispatcherServlet 'dispatcherServlet'
2023-08-24 16:42:30,007  INFO [http-nio-11551-exec-1] o.s.web.servlet.DispatcherServlet Initializing Servlet 'dispatcherServlet'
2023-08-24 16:42:30,011  INFO [http-nio-11551-exec-1] o.s.web.servlet.DispatcherServlet Completed initialization in 4 ms
2023-08-24 16:42:31,717  INFO [http-nio-11551-exec-10] c.i.l.LuckySheetWebSocketServer adsas 加入,在线人数 = 1
2023-08-24 16:42:31,782  INFO [http-nio-11551-exec-8] c.i.l.LuckySheetWebSocketServer adsas 加入,在线人数 = 2
2023-08-24 16:43:22,267  INFO [SpringContextShutdownHook] o.s.s.c.ThreadPoolTaskExecutor Shutting down ExecutorService 'applicationTaskExecutor'
2023-08-24 16:43:22,283  INFO [SpringContextShutdownHook] c.i.l.LuckySheetWebSocketServer adsas 离开
2023-08-24 16:43:22,284  INFO [SpringContextShutdownHook] c.i.l.LuckySheetWebSocketServer adsas 离开
2023-08-24 16:43:24,728  INFO [main] cn.ichiva.luckysheet.Application Starting Application on LAPTOP-OI1F3CR6 with PID 30988 (started by HuuTuGe in C:\Users\HuuTuGe\Desktop\新建文件夹)
2023-08-24 16:43:24,730  INFO [main] cn.ichiva.luckysheet.Application No active profile set, falling back to default profiles: default
2023-08-24 16:43:25,481  INFO [main] o.s.b.w.e.tomcat.TomcatWebServer Tomcat initialized with port(s): 11551 (http)
2023-08-24 16:43:25,488  INFO [main] o.a.coyote.http11.Http11NioProtocol Initializing ProtocolHandler ["http-nio-11551"]
2023-08-24 16:43:25,489  INFO [main] o.a.catalina.core.StandardService Starting service [Tomcat]
2023-08-24 16:43:25,489  INFO [main] o.a.catalina.core.StandardEngine Starting Servlet engine: [Apache Tomcat/9.0.30]
2023-08-24 16:43:25,567  INFO [main] o.a.c.c.C.[Tomcat].[localhost].[/] Initializing Spring embedded WebApplicationContext
2023-08-24 16:43:25,568  INFO [main] o.s.web.context.ContextLoader Root WebApplicationContext: initialization completed in 800 ms
2023-08-24 16:43:25,739  INFO [main] o.s.s.c.ThreadPoolTaskExecutor Initializing ExecutorService 'applicationTaskExecutor'
2023-08-24 16:43:25,791  INFO [main] o.s.b.a.w.s.WelcomePageHandlerMapping Adding welcome page: class path resource [static/index.html]
2023-08-24 16:43:25,854  INFO [main] o.a.coyote.http11.Http11NioProtocol Starting ProtocolHandler ["http-nio-11551"]
2023-08-24 16:43:25,897  INFO [main] o.s.b.w.e.tomcat.TomcatWebServer Tomcat started on port(s): 11551 (http) with context path ''
2023-08-24 16:43:25,899  INFO [main] cn.ichiva.luckysheet.Application Started Application in 1.472 seconds (JVM running for 1.944)
2023-08-24 16:43:26,002  INFO [http-nio-11551-exec-1] o.a.c.c.C.[Tomcat].[localhost].[/] Initializing Spring DispatcherServlet 'dispatcherServlet'
2023-08-24 16:43:26,003  INFO [http-nio-11551-exec-1] o.s.web.servlet.DispatcherServlet Initializing Servlet 'dispatcherServlet'
2023-08-24 16:43:26,008  INFO [http-nio-11551-exec-1] o.s.web.servlet.DispatcherServlet Completed initialization in 5 ms
2023-08-24 16:43:28,240  INFO [http-nio-11551-exec-2] c.i.l.LuckySheetWebSocketServer 模块 加入,在线人数 = 1
2023-08-24 16:43:28,298  INFO [http-nio-11551-exec-4] c.i.l.LuckySheetWebSocketServer 模块 加入,在线人数 = 2
2023-08-24 16:43:39,470  INFO [http-nio-11551-exec-6] c.i.l.LuckySheetWebSocketServer 模块 离开
2023-08-24 16:43:39,470  INFO [http-nio-11551-exec-7] c.i.l.LuckySheetWebSocketServer 模块 离开
2023-08-24 16:43:40,956  INFO [http-nio-11551-exec-9] c.i.l.LuckySheetWebSocketServer 45+ 加入,在线人数 = 1
2023-08-24 16:43:41,035  INFO [http-nio-11551-exec-10] c.i.l.LuckySheetWebSocketServer 45+ 加入,在线人数 = 2
2023-08-24 16:43:47,460  INFO [http-nio-11551-exec-5] c.i.l.LuckySheetWebSocketServer 45+ 离开
2023-08-24 16:43:47,460  INFO [http-nio-11551-exec-7] c.i.l.LuckySheetWebSocketServer 45+ 离开
2023-08-24 16:43:48,432  INFO [http-nio-11551-exec-6] c.i.l.LuckySheetWebSocketServer 45 加入,在线人数 = 1
2023-08-24 16:43:48,475  INFO [http-nio-11551-exec-9] c.i.l.LuckySheetWebSocketServer 45 加入,在线人数 = 2
2023-08-24 16:54:59,643  INFO [SpringContextShutdownHook] o.s.s.c.ThreadPoolTaskExecutor Shutting down ExecutorService 'applicationTaskExecutor'
2023-08-24 16:54:59,654  INFO [SpringContextShutdownHook] c.i.l.LuckySheetWebSocketServer 45 离开
2023-08-24 16:54:59,655  INFO [SpringContextShutdownHook] c.i.l.LuckySheetWebSocketServer 45 离开
2023-08-24 16:55:01,648  INFO [main] cn.ichiva.luckysheet.Application Starting Application on LAPTOP-OI1F3CR6 with PID 9392 (started by HuuTuGe in C:\Users\HuuTuGe\Desktop\新建文件夹)
2023-08-24 16:55:01,650  INFO [main] cn.ichiva.luckysheet.Application No active profile set, falling back to default profiles: default
2023-08-24 16:55:02,491  INFO [main] o.s.b.w.e.tomcat.TomcatWebServer Tomcat initialized with port(s): 11551 (http)
2023-08-24 16:55:02,498  INFO [main] o.a.coyote.http11.Http11NioProtocol Initializing ProtocolHandler ["http-nio-11551"]
2023-08-24 16:55:02,499  INFO [main] o.a.catalina.core.StandardService Starting service [Tomcat]
2023-08-24 16:55:02,499  INFO [main] o.a.catalina.core.StandardEngine Starting Servlet engine: [Apache Tomcat/9.0.30]
2023-08-24 16:55:02,571  INFO [main] o.a.c.c.C.[Tomcat].[localhost].[/] Initializing Spring embedded WebApplicationContext
2023-08-24 16:55:02,571  INFO [main] o.s.web.context.ContextLoader Root WebApplicationContext: initialization completed in 883 ms
2023-08-24 16:55:02,742  INFO [main] o.s.s.c.ThreadPoolTaskExecutor Initializing ExecutorService 'applicationTaskExecutor'
2023-08-24 16:55:02,794  INFO [main] o.s.b.a.w.s.WelcomePageHandlerMapping Adding welcome page: class path resource [static/index.html]
2023-08-24 16:55:02,855  INFO [main] o.a.coyote.http11.Http11NioProtocol Starting ProtocolHandler ["http-nio-11551"]
2023-08-24 16:55:02,899  INFO [main] o.s.b.w.e.tomcat.TomcatWebServer Tomcat started on port(s): 11551 (http) with context path ''
2023-08-24 16:55:02,901  INFO [main] cn.ichiva.luckysheet.Application Started Application in 1.525 seconds (JVM running for 1.897)
2023-08-24 16:55:03,239  INFO [http-nio-11551-exec-1] o.a.c.c.C.[Tomcat].[localhost].[/] Initializing Spring DispatcherServlet 'dispatcherServlet'
2023-08-24 16:55:03,240  INFO [http-nio-11551-exec-1] o.s.web.servlet.DispatcherServlet Initializing Servlet 'dispatcherServlet'
2023-08-24 16:55:03,245  INFO [http-nio-11551-exec-1] o.s.web.servlet.DispatcherServlet Completed initialization in 5 ms
2023-08-24 16:55:05,225  INFO [http-nio-11551-exec-2] c.i.l.LuckySheetWebSocketServer saa 加入,在线人数 = 1
2023-08-24 16:55:05,301  INFO [http-nio-11551-exec-4] c.i.l.LuckySheetWebSocketServer saa 加入,在线人数 = 2
2023-08-24 16:56:02,782  INFO [SpringContextShutdownHook] o.s.s.c.ThreadPoolTaskExecutor Shutting down ExecutorService 'applicationTaskExecutor'
2023-08-24 16:56:02,792  INFO [SpringContextShutdownHook] c.i.l.LuckySheetWebSocketServer saa 离开
2023-08-24 16:56:02,793  INFO [SpringContextShutdownHook] c.i.l.LuckySheetWebSocketServer saa 离开
2023-08-24 16:56:04,794  INFO [main] cn.ichiva.luckysheet.Application Starting Application on LAPTOP-OI1F3CR6 with PID 29272 (started by HuuTuGe in C:\Users\HuuTuGe\Desktop\新建文件夹)
2023-08-24 16:56:04,796  INFO [main] cn.ichiva.luckysheet.Application No active profile set, falling back to default profiles: default
2023-08-24 16:56:05,546  INFO [main] o.s.b.w.e.tomcat.TomcatWebServer Tomcat initialized with port(s): 11551 (http)
2023-08-24 16:56:05,553  INFO [main] o.a.coyote.http11.Http11NioProtocol Initializing ProtocolHandler ["http-nio-11551"]
2023-08-24 16:56:05,554  INFO [main] o.a.catalina.core.StandardService Starting service [Tomcat]
2023-08-24 16:56:05,554  INFO [main] o.a.catalina.core.StandardEngine Starting Servlet engine: [Apache Tomcat/9.0.30]
2023-08-24 16:56:05,620  INFO [main] o.a.c.c.C.[Tomcat].[localhost].[/] Initializing Spring embedded WebApplicationContext
2023-08-24 16:56:05,621  INFO [main] o.s.web.context.ContextLoader Root WebApplicationContext: initialization completed in 784 ms
2023-08-24 16:56:05,774  INFO [main] o.s.s.c.ThreadPoolTaskExecutor Initializing ExecutorService 'applicationTaskExecutor'
2023-08-24 16:56:05,833  INFO [main] o.s.b.a.w.s.WelcomePageHandlerMapping Adding welcome page: class path resource [static/index.html]
2023-08-24 16:56:05,904  INFO [main] o.a.coyote.http11.Http11NioProtocol Starting ProtocolHandler ["http-nio-11551"]
2023-08-24 16:56:05,939  INFO [main] o.s.b.w.e.tomcat.TomcatWebServer Tomcat started on port(s): 11551 (http) with context path ''
2023-08-24 16:56:05,941  INFO [main] cn.ichiva.luckysheet.Application Started Application in 1.419 seconds (JVM running for 1.764)
2023-08-24 16:56:11,255  INFO [http-nio-11551-exec-1] o.a.c.c.C.[Tomcat].[localhost].[/] Initializing Spring DispatcherServlet 'dispatcherServlet'
2023-08-24 16:56:11,256  INFO [http-nio-11551-exec-1] o.s.web.servlet.DispatcherServlet Initializing Servlet 'dispatcherServlet'
2023-08-24 16:56:11,261  INFO [http-nio-11551-exec-1] o.s.web.servlet.DispatcherServlet Completed initialization in 5 ms
2023-08-24 16:56:12,910  INFO [http-nio-11551-exec-10] c.i.l.LuckySheetWebSocketServer ss 加入,在线人数 = 1
2023-08-24 16:56:12,979  INFO [http-nio-11551-exec-6] c.i.l.LuckySheetWebSocketServer ss 加入,在线人数 = 2
2023-08-24 16:56:16,161  INFO [http-nio-11551-exec-8] c.i.l.LuckySheetWebSocketServer index.html 加入,在线人数 = 3
2023-08-24 16:56:22,780  INFO [http-nio-11551-exec-8] c.i.l.LuckySheetWebSocketServer index.html 加入,在线人数 = 4
